2024-10-24 12:50:17,184:WARNING:
'cuml' is a soft dependency and not included in the pycaret installation. Please run: `pip install cuml` to install.
2024-10-24 12:50:17,184:WARNING:
'cuml' is a soft dependency and not included in the pycaret installation. Please run: `pip install cuml` to install.
2024-10-24 12:50:17,184:WARNING:
'cuml' is a soft dependency and not included in the pycaret installation. Please run: `pip install cuml` to install.
2024-10-24 12:50:17,184:WARNING:
'cuml' is a soft dependency and not included in the pycaret installation. Please run: `pip install cuml` to install.
2024-10-24 12:50:32,821:INFO:PyCaret RegressionExperiment
2024-10-24 12:50:32,822:INFO:Logging name: reg-default-name
2024-10-24 12:50:32,822:INFO:ML Usecase: MLUsecase.REGRESSION
2024-10-24 12:50:32,822:INFO:version 3.3.2
2024-10-24 12:50:32,822:INFO:Initializing setup()
2024-10-24 12:50:32,822:INFO:self.USI: da03
2024-10-24 12:50:32,822:INFO:self._variable_keys: {'_available_plots', 'fold_groups_param', 'memory', 'gpu_param', 'X_train', 'data', 'fold_generator', 'y_train', 'html_param', 'y', 'transform_target_param', 'y_test', 'USI', 'pipeline', 'seed', '_ml_usecase', 'X', 'target_param', 'exp_name_log', 'fold_shuffle_param', 'X_test', 'idx', 'exp_id', 'logging_param', 'gpu_n_jobs_param', 'n_jobs_param', 'log_plots_param'}
2024-10-24 12:50:32,822:INFO:Checking environment
2024-10-24 12:50:32,822:INFO:python_version: 3.11.9
2024-10-24 12:50:32,822:INFO:python_build: ('tags/v3.11.9:de54cf5', 'Apr  2 2024 10:12:12')
2024-10-24 12:50:32,822:INFO:machine: AMD64
2024-10-24 12:50:32,822:INFO:platform: Windows-10-10.0.19045-SP0
2024-10-24 12:50:32,828:INFO:Memory: svmem(total=16480280576, available=6690201600, percent=59.4, used=9790078976, free=6690201600)
2024-10-24 12:50:32,829:INFO:Physical Core: 6
2024-10-24 12:50:32,829:INFO:Logical Core: 12
2024-10-24 12:50:32,829:INFO:Checking libraries
2024-10-24 12:50:32,829:INFO:System:
2024-10-24 12:50:32,829:INFO:    python: 3.11.9 (tags/v3.11.9:de54cf5, Apr  2 2024, 10:12:12) [MSC v.1938 64 bit (AMD64)]
2024-10-24 12:50:32,829:INFO:executable: C:\Users\Rodrigo\DataspellProjects\data-science\venv\Scripts\python.exe
2024-10-24 12:50:32,829:INFO:   machine: Windows-10-10.0.19045-SP0
2024-10-24 12:50:32,829:INFO:PyCaret required dependencies:
2024-10-24 12:50:32,880:INFO:                 pip: 24.2
2024-10-24 12:50:32,880:INFO:          setuptools: 68.2.0
2024-10-24 12:50:32,880:INFO:             pycaret: 3.3.2
2024-10-24 12:50:32,880:INFO:             IPython: 8.27.0
2024-10-24 12:50:32,880:INFO:          ipywidgets: 8.1.5
2024-10-24 12:50:32,880:INFO:                tqdm: 4.66.5
2024-10-24 12:50:32,880:INFO:               numpy: 1.26.4
2024-10-24 12:50:32,880:INFO:              pandas: 2.1.4
2024-10-24 12:50:32,880:INFO:              jinja2: 3.1.4
2024-10-24 12:50:32,880:INFO:               scipy: 1.11.4
2024-10-24 12:50:32,881:INFO:              joblib: 1.3.2
2024-10-24 12:50:32,881:INFO:             sklearn: 1.4.2
2024-10-24 12:50:32,881:INFO:                pyod: 2.0.2
2024-10-24 12:50:32,881:INFO:            imblearn: 0.12.4
2024-10-24 12:50:32,881:INFO:   category_encoders: 2.6.4
2024-10-24 12:50:32,881:INFO:            lightgbm: 4.5.0
2024-10-24 12:50:32,881:INFO:               numba: 0.60.0
2024-10-24 12:50:32,881:INFO:            requests: 2.32.3
2024-10-24 12:50:32,881:INFO:          matplotlib: 3.7.5
2024-10-24 12:50:32,881:INFO:          scikitplot: 0.3.7
2024-10-24 12:50:32,881:INFO:         yellowbrick: 1.5
2024-10-24 12:50:32,881:INFO:              plotly: 5.24.1
2024-10-24 12:50:32,881:INFO:    plotly-resampler: Not installed
2024-10-24 12:50:32,881:INFO:             kaleido: 0.2.1
2024-10-24 12:50:32,881:INFO:           schemdraw: 0.15
2024-10-24 12:50:32,881:INFO:         statsmodels: 0.14.4
2024-10-24 12:50:32,881:INFO:              sktime: 0.26.0
2024-10-24 12:50:32,881:INFO:               tbats: 1.1.3
2024-10-24 12:50:32,882:INFO:            pmdarima: 2.0.4
2024-10-24 12:50:32,882:INFO:              psutil: 6.0.0
2024-10-24 12:50:32,882:INFO:          markupsafe: 2.1.5
2024-10-24 12:50:32,882:INFO:             pickle5: Not installed
2024-10-24 12:50:32,882:INFO:         cloudpickle: 3.0.0
2024-10-24 12:50:32,882:INFO:         deprecation: 2.1.0
2024-10-24 12:50:32,882:INFO:              xxhash: 3.5.0
2024-10-24 12:50:32,882:INFO:           wurlitzer: Not installed
2024-10-24 12:50:32,882:INFO:PyCaret optional dependencies:
2024-10-24 12:50:32,986:INFO:                shap: Not installed
2024-10-24 12:50:32,986:INFO:           interpret: Not installed
2024-10-24 12:50:32,986:INFO:                umap: Not installed
2024-10-24 12:50:32,986:INFO:     ydata_profiling: Not installed
2024-10-24 12:50:32,986:INFO:  explainerdashboard: Not installed
2024-10-24 12:50:32,986:INFO:             autoviz: Not installed
2024-10-24 12:50:32,986:INFO:           fairlearn: Not installed
2024-10-24 12:50:32,986:INFO:          deepchecks: Not installed
2024-10-24 12:50:32,986:INFO:             xgboost: 2.1.1
2024-10-24 12:50:32,986:INFO:            catboost: Not installed
2024-10-24 12:50:32,986:INFO:              kmodes: Not installed
2024-10-24 12:50:32,986:INFO:             mlxtend: Not installed
2024-10-24 12:50:32,986:INFO:       statsforecast: Not installed
2024-10-24 12:50:32,986:INFO:        tune_sklearn: Not installed
2024-10-24 12:50:32,986:INFO:                 ray: Not installed
2024-10-24 12:50:32,986:INFO:            hyperopt: Not installed
2024-10-24 12:50:32,986:INFO:              optuna: Not installed
2024-10-24 12:50:32,986:INFO:               skopt: 0.10.2
2024-10-24 12:50:32,986:INFO:              mlflow: Not installed
2024-10-24 12:50:32,986:INFO:              gradio: Not installed
2024-10-24 12:50:32,986:INFO:             fastapi: Not installed
2024-10-24 12:50:32,986:INFO:             uvicorn: Not installed
2024-10-24 12:50:32,986:INFO:              m2cgen: Not installed
2024-10-24 12:50:32,986:INFO:           evidently: Not installed
2024-10-24 12:50:32,986:INFO:               fugue: Not installed
2024-10-24 12:50:32,987:INFO:           streamlit: Not installed
2024-10-24 12:50:32,987:INFO:             prophet: Not installed
2024-10-24 12:50:32,987:INFO:None
2024-10-24 12:50:32,987:INFO:Set up data.
2024-10-24 12:50:32,995:INFO:Set up folding strategy.
2024-10-24 12:50:32,995:INFO:Set up train/test split.
2024-10-24 12:50:33,002:INFO:Set up index.
2024-10-24 12:50:33,002:INFO:Assigning column types.
2024-10-24 12:50:33,007:INFO:Engine successfully changes for model 'lr' to 'sklearn'.
2024-10-24 12:50:33,007:INFO:Engine for model 'lasso' has not been set explicitly, hence returning None.
2024-10-24 12:50:33,011:INFO:Engine for model 'ridge' has not been set explicitly, hence returning None.
2024-10-24 12:50:33,015:INFO:Engine for model 'en' has not been set explicitly, hence returning None.
2024-10-24 12:50:33,067:INFO:Engine for model 'svm' has not been set explicitly, hence returning None.
2024-10-24 12:50:33,103:INFO:Engine for model 'knn' has not been set explicitly, hence returning None.
2024-10-24 12:50:33,104:INFO:Soft dependency imported: xgboost: 2.1.1
2024-10-24 12:50:33,106:WARNING:
'catboost' is a soft dependency and not included in the pycaret installation. Please run: `pip install catboost` to install.
Alternately, you can install this by running `pip install pycaret[models]`
2024-10-24 12:50:33,106:INFO:Engine for model 'lasso' has not been set explicitly, hence returning None.
2024-10-24 12:50:33,109:INFO:Engine for model 'ridge' has not been set explicitly, hence returning None.
2024-10-24 12:50:33,113:INFO:Engine for model 'en' has not been set explicitly, hence returning None.
2024-10-24 12:50:33,163:INFO:Engine for model 'svm' has not been set explicitly, hence returning None.
2024-10-24 12:50:33,258:INFO:Engine for model 'knn' has not been set explicitly, hence returning None.
2024-10-24 12:50:33,259:INFO:Soft dependency imported: xgboost: 2.1.1
2024-10-24 12:50:33,263:WARNING:
'catboost' is a soft dependency and not included in the pycaret installation. Please run: `pip install catboost` to install.
Alternately, you can install this by running `pip install pycaret[models]`
2024-10-24 12:50:33,263:INFO:Engine successfully changes for model 'lasso' to 'sklearn'.
2024-10-24 12:50:33,271:INFO:Engine for model 'ridge' has not been set explicitly, hence returning None.
2024-10-24 12:50:33,281:INFO:Engine for model 'en' has not been set explicitly, hence returning None.
2024-10-24 12:50:33,353:INFO:Engine for model 'svm' has not been set explicitly, hence returning None.
2024-10-24 12:50:33,394:INFO:Engine for model 'knn' has not been set explicitly, hence returning None.
2024-10-24 12:50:33,394:INFO:Soft dependency imported: xgboost: 2.1.1
2024-10-24 12:50:33,398:WARNING:
'catboost' is a soft dependency and not included in the pycaret installation. Please run: `pip install catboost` to install.
Alternately, you can install this by running `pip install pycaret[models]`
2024-10-24 12:50:33,403:INFO:Engine for model 'ridge' has not been set explicitly, hence returning None.
2024-10-24 12:50:33,407:INFO:Engine for model 'en' has not been set explicitly, hence returning None.
2024-10-24 12:50:33,456:INFO:Engine for model 'svm' has not been set explicitly, hence returning None.
2024-10-24 12:50:33,491:INFO:Engine for model 'knn' has not been set explicitly, hence returning None.
2024-10-24 12:50:33,493:INFO:Soft dependency imported: xgboost: 2.1.1
2024-10-24 12:50:33,495:WARNING:
'catboost' is a soft dependency and not included in the pycaret installation. Please run: `pip install catboost` to install.
Alternately, you can install this by running `pip install pycaret[models]`
2024-10-24 12:50:33,496:INFO:Engine successfully changes for model 'ridge' to 'sklearn'.
2024-10-24 12:50:33,503:INFO:Engine for model 'en' has not been set explicitly, hence returning None.
2024-10-24 12:50:33,550:INFO:Engine for model 'svm' has not been set explicitly, hence returning None.
2024-10-24 12:50:33,585:INFO:Engine for model 'knn' has not been set explicitly, hence returning None.
2024-10-24 12:50:33,586:INFO:Soft dependency imported: xgboost: 2.1.1
2024-10-24 12:50:33,588:WARNING:
'catboost' is a soft dependency and not included in the pycaret installation. Please run: `pip install catboost` to install.
Alternately, you can install this by running `pip install pycaret[models]`
2024-10-24 12:50:33,595:INFO:Engine for model 'en' has not been set explicitly, hence returning None.
2024-10-24 12:50:33,642:INFO:Engine for model 'svm' has not been set explicitly, hence returning None.
2024-10-24 12:50:33,691:INFO:Engine for model 'knn' has not been set explicitly, hence returning None.
2024-10-24 12:50:33,692:INFO:Soft dependency imported: xgboost: 2.1.1
2024-10-24 12:50:33,695:WARNING:
'catboost' is a soft dependency and not included in the pycaret installation. Please run: `pip install catboost` to install.
Alternately, you can install this by running `pip install pycaret[models]`
2024-10-24 12:50:33,696:INFO:Engine successfully changes for model 'en' to 'sklearn'.
2024-10-24 12:50:33,824:INFO:Engine for model 'svm' has not been set explicitly, hence returning None.
2024-10-24 12:50:33,871:INFO:Engine for model 'knn' has not been set explicitly, hence returning None.
2024-10-24 12:50:33,872:INFO:Soft dependency imported: xgboost: 2.1.1
2024-10-24 12:50:33,875:WARNING:
'catboost' is a soft dependency and not included in the pycaret installation. Please run: `pip install catboost` to install.
Alternately, you can install this by running `pip install pycaret[models]`
2024-10-24 12:50:33,958:INFO:Engine for model 'svm' has not been set explicitly, hence returning None.
2024-10-24 12:50:34,013:INFO:Engine for model 'knn' has not been set explicitly, hence returning None.
2024-10-24 12:50:34,013:INFO:Soft dependency imported: xgboost: 2.1.1
2024-10-24 12:50:34,016:WARNING:
'catboost' is a soft dependency and not included in the pycaret installation. Please run: `pip install catboost` to install.
Alternately, you can install this by running `pip install pycaret[models]`
2024-10-24 12:50:34,016:INFO:Engine successfully changes for model 'knn' to 'sklearn'.
2024-10-24 12:50:34,083:INFO:Engine for model 'svm' has not been set explicitly, hence returning None.
2024-10-24 12:50:34,124:INFO:Soft dependency imported: xgboost: 2.1.1
2024-10-24 12:50:34,126:WARNING:
'catboost' is a soft dependency and not included in the pycaret installation. Please run: `pip install catboost` to install.
Alternately, you can install this by running `pip install pycaret[models]`
2024-10-24 12:50:34,181:INFO:Engine for model 'svm' has not been set explicitly, hence returning None.
2024-10-24 12:50:34,216:INFO:Soft dependency imported: xgboost: 2.1.1
2024-10-24 12:50:34,218:WARNING:
'catboost' is a soft dependency and not included in the pycaret installation. Please run: `pip install catboost` to install.
Alternately, you can install this by running `pip install pycaret[models]`
2024-10-24 12:50:34,218:INFO:Engine successfully changes for model 'svm' to 'sklearn'.
2024-10-24 12:50:34,310:INFO:Soft dependency imported: xgboost: 2.1.1
2024-10-24 12:50:34,312:WARNING:
'catboost' is a soft dependency and not included in the pycaret installation. Please run: `pip install catboost` to install.
Alternately, you can install this by running `pip install pycaret[models]`
2024-10-24 12:50:34,401:INFO:Soft dependency imported: xgboost: 2.1.1
2024-10-24 12:50:34,403:WARNING:
'catboost' is a soft dependency and not included in the pycaret installation. Please run: `pip install catboost` to install.
Alternately, you can install this by running `pip install pycaret[models]`
2024-10-24 12:50:34,405:INFO:Preparing preprocessing pipeline...
2024-10-24 12:50:34,405:INFO:Set up simple imputation.
2024-10-24 12:50:34,410:INFO:Set up encoding of categorical features.
2024-10-24 12:50:34,410:INFO:Set up feature normalization.
2024-10-24 12:52:20,913:INFO:PyCaret RegressionExperiment
2024-10-24 12:52:20,913:INFO:Logging name: reg-default-name
2024-10-24 12:52:20,913:INFO:ML Usecase: MLUsecase.REGRESSION
2024-10-24 12:52:20,913:INFO:version 3.3.2
2024-10-24 12:52:20,913:INFO:Initializing setup()
2024-10-24 12:52:20,913:INFO:self.USI: 3518
2024-10-24 12:52:20,913:INFO:self._variable_keys: {'_available_plots', 'fold_groups_param', 'memory', 'gpu_param', 'X_train', 'data', 'fold_generator', 'y_train', 'html_param', 'y', 'transform_target_param', 'y_test', 'USI', 'pipeline', 'seed', '_ml_usecase', 'X', 'target_param', 'exp_name_log', 'fold_shuffle_param', 'X_test', 'idx', 'exp_id', 'logging_param', 'gpu_n_jobs_param', 'n_jobs_param', 'log_plots_param'}
2024-10-24 12:52:20,913:INFO:Checking environment
2024-10-24 12:52:20,913:INFO:python_version: 3.11.9
2024-10-24 12:52:20,913:INFO:python_build: ('tags/v3.11.9:de54cf5', 'Apr  2 2024 10:12:12')
2024-10-24 12:52:20,913:INFO:machine: AMD64
2024-10-24 12:52:20,913:INFO:platform: Windows-10-10.0.19045-SP0
2024-10-24 12:52:20,917:INFO:Memory: svmem(total=16480280576, available=5821087744, percent=64.7, used=10659192832, free=5821087744)
2024-10-24 12:52:20,917:INFO:Physical Core: 6
2024-10-24 12:52:20,917:INFO:Logical Core: 12
2024-10-24 12:52:20,917:INFO:Checking libraries
2024-10-24 12:52:20,917:INFO:System:
2024-10-24 12:52:20,917:INFO:    python: 3.11.9 (tags/v3.11.9:de54cf5, Apr  2 2024, 10:12:12) [MSC v.1938 64 bit (AMD64)]
2024-10-24 12:52:20,917:INFO:executable: C:\Users\Rodrigo\DataspellProjects\data-science\venv\Scripts\python.exe
2024-10-24 12:52:20,917:INFO:   machine: Windows-10-10.0.19045-SP0
2024-10-24 12:52:20,917:INFO:PyCaret required dependencies:
2024-10-24 12:52:20,917:INFO:                 pip: 24.2
2024-10-24 12:52:20,917:INFO:          setuptools: 68.2.0
2024-10-24 12:52:20,917:INFO:             pycaret: 3.3.2
2024-10-24 12:52:20,918:INFO:             IPython: 8.27.0
2024-10-24 12:52:20,918:INFO:          ipywidgets: 8.1.5
2024-10-24 12:52:20,918:INFO:                tqdm: 4.66.5
2024-10-24 12:52:20,918:INFO:               numpy: 1.26.4
2024-10-24 12:52:20,918:INFO:              pandas: 2.1.4
2024-10-24 12:52:20,918:INFO:              jinja2: 3.1.4
2024-10-24 12:52:20,918:INFO:               scipy: 1.11.4
2024-10-24 12:52:20,918:INFO:              joblib: 1.3.2
2024-10-24 12:52:20,918:INFO:             sklearn: 1.4.2
2024-10-24 12:52:20,918:INFO:                pyod: 2.0.2
2024-10-24 12:52:20,918:INFO:            imblearn: 0.12.4
2024-10-24 12:52:20,918:INFO:   category_encoders: 2.6.4
2024-10-24 12:52:20,918:INFO:            lightgbm: 4.5.0
2024-10-24 12:52:20,918:INFO:               numba: 0.60.0
2024-10-24 12:52:20,918:INFO:            requests: 2.32.3
2024-10-24 12:52:20,918:INFO:          matplotlib: 3.7.5
2024-10-24 12:52:20,918:INFO:          scikitplot: 0.3.7
2024-10-24 12:52:20,918:INFO:         yellowbrick: 1.5
2024-10-24 12:52:20,918:INFO:              plotly: 5.24.1
2024-10-24 12:52:20,918:INFO:    plotly-resampler: Not installed
2024-10-24 12:52:20,918:INFO:             kaleido: 0.2.1
2024-10-24 12:52:20,918:INFO:           schemdraw: 0.15
2024-10-24 12:52:20,918:INFO:         statsmodels: 0.14.4
2024-10-24 12:52:20,918:INFO:              sktime: 0.26.0
2024-10-24 12:52:20,919:INFO:               tbats: 1.1.3
2024-10-24 12:52:20,919:INFO:            pmdarima: 2.0.4
2024-10-24 12:52:20,919:INFO:              psutil: 6.0.0
2024-10-24 12:52:20,919:INFO:          markupsafe: 2.1.5
2024-10-24 12:52:20,919:INFO:             pickle5: Not installed
2024-10-24 12:52:20,919:INFO:         cloudpickle: 3.0.0
2024-10-24 12:52:20,919:INFO:         deprecation: 2.1.0
2024-10-24 12:52:20,919:INFO:              xxhash: 3.5.0
2024-10-24 12:52:20,919:INFO:           wurlitzer: Not installed
2024-10-24 12:52:20,919:INFO:PyCaret optional dependencies:
2024-10-24 12:52:20,919:INFO:                shap: Not installed
2024-10-24 12:52:20,919:INFO:           interpret: Not installed
2024-10-24 12:52:20,919:INFO:                umap: Not installed
2024-10-24 12:52:20,919:INFO:     ydata_profiling: Not installed
2024-10-24 12:52:20,919:INFO:  explainerdashboard: Not installed
2024-10-24 12:52:20,919:INFO:             autoviz: Not installed
2024-10-24 12:52:20,919:INFO:           fairlearn: Not installed
2024-10-24 12:52:20,919:INFO:          deepchecks: Not installed
2024-10-24 12:52:20,919:INFO:             xgboost: 2.1.1
2024-10-24 12:52:20,919:INFO:            catboost: Not installed
2024-10-24 12:52:20,919:INFO:              kmodes: Not installed
2024-10-24 12:52:20,919:INFO:             mlxtend: Not installed
2024-10-24 12:52:20,919:INFO:       statsforecast: Not installed
2024-10-24 12:52:20,919:INFO:        tune_sklearn: Not installed
2024-10-24 12:52:20,919:INFO:                 ray: Not installed
2024-10-24 12:52:20,919:INFO:            hyperopt: Not installed
2024-10-24 12:52:20,919:INFO:              optuna: Not installed
2024-10-24 12:52:20,920:INFO:               skopt: 0.10.2
2024-10-24 12:52:20,920:INFO:              mlflow: Not installed
2024-10-24 12:52:20,920:INFO:              gradio: Not installed
2024-10-24 12:52:20,920:INFO:             fastapi: Not installed
2024-10-24 12:52:20,920:INFO:             uvicorn: Not installed
2024-10-24 12:52:20,920:INFO:              m2cgen: Not installed
2024-10-24 12:52:20,920:INFO:           evidently: Not installed
2024-10-24 12:52:20,920:INFO:               fugue: Not installed
2024-10-24 12:52:20,920:INFO:           streamlit: Not installed
2024-10-24 12:52:20,920:INFO:             prophet: Not installed
2024-10-24 12:52:20,920:INFO:None
2024-10-24 12:52:20,920:INFO:Set up data.
2024-10-24 12:52:20,927:INFO:Set up folding strategy.
2024-10-24 12:52:20,927:INFO:Set up train/test split.
2024-10-24 12:52:20,933:INFO:Set up index.
2024-10-24 12:52:20,934:INFO:Assigning column types.
2024-10-24 12:52:20,942:INFO:Engine successfully changes for model 'lr' to 'sklearn'.
2024-10-24 12:52:20,942:INFO:Engine for model 'lasso' has not been set explicitly, hence returning None.
2024-10-24 12:52:20,947:INFO:Engine for model 'ridge' has not been set explicitly, hence returning None.
2024-10-24 12:52:20,952:INFO:Engine for model 'en' has not been set explicitly, hence returning None.
2024-10-24 12:52:21,002:INFO:Engine for model 'svm' has not been set explicitly, hence returning None.
2024-10-24 12:52:21,037:INFO:Engine for model 'knn' has not been set explicitly, hence returning None.
2024-10-24 12:52:21,038:INFO:Soft dependency imported: xgboost: 2.1.1
2024-10-24 12:52:21,040:WARNING:
'catboost' is a soft dependency and not included in the pycaret installation. Please run: `pip install catboost` to install.
Alternately, you can install this by running `pip install pycaret[models]`
2024-10-24 12:52:21,040:INFO:Engine for model 'lasso' has not been set explicitly, hence returning None.
2024-10-24 12:52:21,044:INFO:Engine for model 'ridge' has not been set explicitly, hence returning None.
2024-10-24 12:52:21,048:INFO:Engine for model 'en' has not been set explicitly, hence returning None.
2024-10-24 12:52:21,095:INFO:Engine for model 'svm' has not been set explicitly, hence returning None.
2024-10-24 12:52:21,133:INFO:Engine for model 'knn' has not been set explicitly, hence returning None.
2024-10-24 12:52:21,133:INFO:Soft dependency imported: xgboost: 2.1.1
2024-10-24 12:52:21,135:WARNING:
'catboost' is a soft dependency and not included in the pycaret installation. Please run: `pip install catboost` to install.
Alternately, you can install this by running `pip install pycaret[models]`
2024-10-24 12:52:21,135:INFO:Engine successfully changes for model 'lasso' to 'sklearn'.
2024-10-24 12:52:21,139:INFO:Engine for model 'ridge' has not been set explicitly, hence returning None.
2024-10-24 12:52:21,143:INFO:Engine for model 'en' has not been set explicitly, hence returning None.
2024-10-24 12:52:21,190:INFO:Engine for model 'svm' has not been set explicitly, hence returning None.
2024-10-24 12:52:21,254:INFO:Engine for model 'knn' has not been set explicitly, hence returning None.
2024-10-24 12:52:21,256:INFO:Soft dependency imported: xgboost: 2.1.1
2024-10-24 12:52:21,265:WARNING:
'catboost' is a soft dependency and not included in the pycaret installation. Please run: `pip install catboost` to install.
Alternately, you can install this by running `pip install pycaret[models]`
2024-10-24 12:52:21,285:INFO:Engine for model 'ridge' has not been set explicitly, hence returning None.
2024-10-24 12:52:21,292:INFO:Engine for model 'en' has not been set explicitly, hence returning None.
2024-10-24 12:52:21,368:INFO:Engine for model 'svm' has not been set explicitly, hence returning None.
2024-10-24 12:52:21,403:INFO:Engine for model 'knn' has not been set explicitly, hence returning None.
2024-10-24 12:52:21,403:INFO:Soft dependency imported: xgboost: 2.1.1
2024-10-24 12:52:21,405:WARNING:
'catboost' is a soft dependency and not included in the pycaret installation. Please run: `pip install catboost` to install.
Alternately, you can install this by running `pip install pycaret[models]`
2024-10-24 12:52:21,406:INFO:Engine successfully changes for model 'ridge' to 'sklearn'.
2024-10-24 12:52:21,413:INFO:Engine for model 'en' has not been set explicitly, hence returning None.
2024-10-24 12:52:21,459:INFO:Engine for model 'svm' has not been set explicitly, hence returning None.
2024-10-24 12:52:21,494:INFO:Engine for model 'knn' has not been set explicitly, hence returning None.
2024-10-24 12:52:21,494:INFO:Soft dependency imported: xgboost: 2.1.1
2024-10-24 12:52:21,496:WARNING:
'catboost' is a soft dependency and not included in the pycaret installation. Please run: `pip install catboost` to install.
Alternately, you can install this by running `pip install pycaret[models]`
2024-10-24 12:52:21,503:INFO:Engine for model 'en' has not been set explicitly, hence returning None.
2024-10-24 12:52:21,550:INFO:Engine for model 'svm' has not been set explicitly, hence returning None.
2024-10-24 12:52:21,584:INFO:Engine for model 'knn' has not been set explicitly, hence returning None.
2024-10-24 12:52:21,584:INFO:Soft dependency imported: xgboost: 2.1.1
2024-10-24 12:52:21,586:WARNING:
'catboost' is a soft dependency and not included in the pycaret installation. Please run: `pip install catboost` to install.
Alternately, you can install this by running `pip install pycaret[models]`
2024-10-24 12:52:21,587:INFO:Engine successfully changes for model 'en' to 'sklearn'.
2024-10-24 12:52:21,639:INFO:Engine for model 'svm' has not been set explicitly, hence returning None.
2024-10-24 12:52:21,674:INFO:Engine for model 'knn' has not been set explicitly, hence returning None.
2024-10-24 12:52:21,674:INFO:Soft dependency imported: xgboost: 2.1.1
2024-10-24 12:52:21,676:WARNING:
'catboost' is a soft dependency and not included in the pycaret installation. Please run: `pip install catboost` to install.
Alternately, you can install this by running `pip install pycaret[models]`
2024-10-24 12:52:21,729:INFO:Engine for model 'svm' has not been set explicitly, hence returning None.
2024-10-24 12:52:21,763:INFO:Engine for model 'knn' has not been set explicitly, hence returning None.
2024-10-24 12:52:21,764:INFO:Soft dependency imported: xgboost: 2.1.1
2024-10-24 12:52:21,766:WARNING:
'catboost' is a soft dependency and not included in the pycaret installation. Please run: `pip install catboost` to install.
Alternately, you can install this by running `pip install pycaret[models]`
2024-10-24 12:52:21,766:INFO:Engine successfully changes for model 'knn' to 'sklearn'.
2024-10-24 12:52:21,819:INFO:Engine for model 'svm' has not been set explicitly, hence returning None.
2024-10-24 12:52:21,854:INFO:Soft dependency imported: xgboost: 2.1.1
2024-10-24 12:52:21,856:WARNING:
'catboost' is a soft dependency and not included in the pycaret installation. Please run: `pip install catboost` to install.
Alternately, you can install this by running `pip install pycaret[models]`
2024-10-24 12:52:21,909:INFO:Engine for model 'svm' has not been set explicitly, hence returning None.
2024-10-24 12:52:21,944:INFO:Soft dependency imported: xgboost: 2.1.1
2024-10-24 12:52:21,946:WARNING:
'catboost' is a soft dependency and not included in the pycaret installation. Please run: `pip install catboost` to install.
Alternately, you can install this by running `pip install pycaret[models]`
2024-10-24 12:52:21,946:INFO:Engine successfully changes for model 'svm' to 'sklearn'.
2024-10-24 12:52:22,034:INFO:Soft dependency imported: xgboost: 2.1.1
2024-10-24 12:52:22,036:WARNING:
'catboost' is a soft dependency and not included in the pycaret installation. Please run: `pip install catboost` to install.
Alternately, you can install this by running `pip install pycaret[models]`
2024-10-24 12:52:22,124:INFO:Soft dependency imported: xgboost: 2.1.1
2024-10-24 12:52:22,126:WARNING:
'catboost' is a soft dependency and not included in the pycaret installation. Please run: `pip install catboost` to install.
Alternately, you can install this by running `pip install pycaret[models]`
2024-10-24 12:52:22,127:INFO:Preparing preprocessing pipeline...
2024-10-24 12:52:22,127:INFO:Set up simple imputation.
2024-10-24 12:52:22,130:INFO:Set up encoding of categorical features.
2024-10-24 12:52:22,130:INFO:Set up feature normalization.
